# JRE version: Java(TM) SE Runtime Environment (23.0.1+11) (build 23.0.1+11-39)
# Java VM: Java HotSpot(TM) 64-Bit Server VM (23.0.1+11-39, mixed mode, emulated-client, sharing, tiered, compressed oops, compressed class ptrs, g1 gc, windows-amd64)
GC Precious Log:
 CardTable entry size: 512
 Card Set container configuration: InlinePtr #cards 5 size 8 Array Of Cards #cards 10 size 36 Howl #buckets 4 coarsen threshold 1843 Howl Bitmap #cards 512 size 80 coarsen threshold 460 Card regions per heap region 1 cards per card region 2048
 CPUs: 12 total, 12 available
 Memory: 7520M
 Large Page Support: Disabled
 NUMA Support: Disabled
 Compressed Oops: Enabled (32-bit)
 Heap Region Size: 1M
 Heap Min Capacity: 8M
 Heap Initial Capacity: 118M
 Heap Max Capacity: 1882M
 Pre-touch: Disabled
 Parallel Workers: 10
 Concurrent Workers: 3
 Concurrent Refinement Workers: 10
 Periodic GC: Disabled
Heap:
 garbage-first heap   total reserved 1927168K, committed 167936K, used 78924K [0x000000008a600000, 0x0000000100000000)
  region size 1024K, 19 young (19456K), 10 survivors (10240K)
 Metaspace       used 85029K, committed 86080K, reserved 1179648K
  class space    used 12239K, committed 12672K, reserved 1048576K
GC Heap History (20 events):
Event: 188.582 GC heap after
{Heap after GC invocations=77 (full 9):
 garbage-first heap   total reserved 1927168K, committed 131072K, used 60982K [0x000000008a600000, 0x0000000100000000)
  region size 1024K, 5 young (5120K), 5 survivors (5120K)
 Metaspace       used 82076K, committed 83008K, reserved 1179648K
  class space    used 11906K, committed 12288K, reserved 1048576K
}
Event: 190.525 GC heap before
{Heap before GC invocations=77 (full 9):
 garbage-first heap   total reserved 1927168K, committed 131072K, used 84534K [0x000000008a600000, 0x0000000100000000)
  region size 1024K, 29 young (29696K), 5 survivors (5120K)
 Metaspace       used 82116K, committed 83008K, reserved 1179648K
  class space    used 11912K, committed 12288K, reserved 1048576K
}
Event: 190.630 GC heap after
{Heap after GC invocations=78 (full 10):
 garbage-first heap   total reserved 1927168K, committed 131072K, used 56350K [0x000000008a600000, 0x0000000100000000)
  region size 1024K, 0 young (0K), 0 survivors (0K)
 Metaspace       used 82116K, committed 83008K, reserved 1179648K
  class space    used 11912K, committed 12288K, reserved 1048576K
}
Event: 192.009 GC heap before
{Heap before GC invocations=78 (full 10):
 garbage-first heap   total reserved 1927168K, committed 131072K, used 112670K [0x000000008a600000, 0x0000000100000000)
  region size 1024K, 56 young (57344K), 0 survivors (0K)
 Metaspace       used 82408K, committed 83392K, reserved 1179648K
  class space    used 11950K, committed 12352K, reserved 1048576K
}
Event: 192.015 GC heap after
{Heap after GC invocations=79 (full 10):
 garbage-first heap   total reserved 1927168K, committed 131072K, used 61539K [0x000000008a600000, 0x0000000100000000)
  region size 1024K, 5 young (5120K), 5 survivors (5120K)
 Metaspace       used 82408K, committed 83392K, reserved 1179648K
  class space    used 11950K, committed 12352K, reserved 1048576K
}
Event: 196.097 GC heap before
{Heap before GC invocations=80 (full 10):
 garbage-first heap   total reserved 1927168K, committed 131072K, used 114787K [0x000000008a600000, 0x0000000100000000)
  region size 1024K, 57 young (58368K), 5 survivors (5120K)
 Metaspace       used 82859K, committed 83840K, reserved 1179648K
  class space    used 11997K, committed 12416K, reserved 1048576K
}
Event: 196.109 GC heap after
{Heap after GC invocations=81 (full 10):
 garbage-first heap   total reserved 1927168K, committed 131072K, used 65457K [0x000000008a600000, 0x0000000100000000)
  region size 1024K, 5 young (5120K), 5 survivors (5120K)
 Metaspace       used 82859K, committed 83840K, reserved 1179648K
  class space    used 11997K, committed 12416K, reserved 1048576K
}
Event: 198.152 GC heap before
{Heap before GC invocations=81 (full 10):
 garbage-first heap   total reserved 1927168K, committed 131072K, used 93105K [0x000000008a600000, 0x0000000100000000)
  region size 1024K, 33 young (33792K), 5 survivors (5120K)
 Metaspace       used 83100K, committed 84032K, reserved 1179648K
  class space    used 12023K, committed 12416K, reserved 1048576K
}
Event: 198.254 GC heap after
{Heap after GC invocations=82 (full 11):
 garbage-first heap   total reserved 1927168K, committed 131072K, used 56580K [0x000000008a600000, 0x0000000100000000)
  region size 1024K, 0 young (0K), 0 survivors (0K)
 Metaspace       used 83075K, committed 84032K, reserved 1179648K
  class space    used 12020K, committed 12416K, reserved 1048576K
}
Event: 199.453 GC heap before
{Heap before GC invocations=82 (full 11):
 garbage-first heap   total reserved 1927168K, committed 131072K, used 114948K [0x000000008a600000, 0x0000000100000000)
  region size 1024K, 57 young (58368K), 0 survivors (0K)
 Metaspace       used 83367K, committed 84352K, reserved 1179648K
  class space    used 12059K, committed 12480K, reserved 1048576K
}
Event: 199.460 GC heap after
{Heap after GC invocations=83 (full 11):
 garbage-first heap   total reserved 1927168K, committed 131072K, used 61831K [0x000000008a600000, 0x0000000100000000)
  region size 1024K, 6 young (6144K), 6 survivors (6144K)
 Metaspace       used 83367K, committed 84352K, reserved 1179648K
  class space    used 12059K, committed 12480K, reserved 1048576K
}
Event: 202.246 GC heap before
{Heap before GC invocations=83 (full 11):
 garbage-first heap   total reserved 1927168K, committed 131072K, used 114055K [0x000000008a600000, 0x0000000100000000)
  region size 1024K, 57 young (58368K), 6 survivors (6144K)
 Metaspace       used 83862K, committed 84864K, reserved 1179648K
  class space    used 12108K, committed 12544K, reserved 1048576K
}
Event: 202.253 GC heap after
{Heap after GC invocations=84 (full 11):
 garbage-first heap   total reserved 1927168K, committed 131072K, used 65293K [0x000000008a600000, 0x0000000100000000)
  region size 1024K, 4 young (4096K), 4 survivors (4096K)
 Metaspace       used 83862K, committed 84864K, reserved 1179648K
  class space    used 12108K, committed 12544K, reserved 1048576K
}
Event: 212.677 GC heap before
{Heap before GC invocations=84 (full 11):
 garbage-first heap   total reserved 1927168K, committed 131072K, used 94989K [0x000000008a600000, 0x0000000100000000)
  region size 1024K, 34 young (34816K), 4 survivors (4096K)
 Metaspace       used 84046K, committed 85056K, reserved 1179648K
  class space    used 12128K, committed 12544K, reserved 1048576K
}
Event: 212.835 GC heap after
{Heap after GC invocations=85 (full 12):
 garbage-first heap   total reserved 1927168K, committed 131072K, used 60435K [0x000000008a600000, 0x0000000100000000)
  region size 1024K, 0 young (0K), 0 survivors (0K)
 Metaspace       used 84031K, committed 85056K, reserved 1179648K
  class space    used 12124K, committed 12544K, reserved 1048576K
}
Event: 214.273 GC heap before
{Heap before GC invocations=85 (full 12):
 garbage-first heap   total reserved 1927168K, committed 131072K, used 115731K [0x000000008a600000, 0x0000000100000000)
  region size 1024K, 54 young (55296K), 0 survivors (0K)
 Metaspace       used 84326K, committed 85376K, reserved 1179648K
  class space    used 12164K, committed 12608K, reserved 1048576K
}
Event: 214.294 GC heap after
{Heap after GC invocations=86 (full 12):
 garbage-first heap   total reserved 1927168K, committed 167936K, used 65272K [0x000000008a600000, 0x0000000100000000)
  region size 1024K, 5 young (5120K), 5 survivors (5120K)
 Metaspace       used 84326K, committed 85376K, reserved 1179648K
  class space    used 12164K, committed 12608K, reserved 1048576K
}
Event: 217.919 GC heap before
{Heap before GC invocations=87 (full 12):
 garbage-first heap   total reserved 1927168K, committed 167936K, used 142072K [0x000000008a600000, 0x0000000100000000)
  region size 1024K, 80 young (81920K), 5 survivors (5120K)
 Metaspace       used 85026K, committed 86016K, reserved 1179648K
  class space    used 12239K, committed 12672K, reserved 1048576K
}
Event: 217.928 GC heap after
{Heap after GC invocations=88 (full 12):
 garbage-first heap   total reserved 1927168K, committed 167936K, used 70732K [0x000000008a600000, 0x0000000100000000)
  region size 1024K, 10 young (10240K), 10 survivors (10240K)
 Metaspace       used 85026K, committed 86016K, reserved 1179648K
  class space    used 12239K, committed 12672K, reserved 1048576K
}
Event: 219.587 GC heap before
{Heap before GC invocations=88 (full 12):
 garbage-first heap   total reserved 1927168K, committed 167936K, used 78924K [0x000000008a600000, 0x0000000100000000)
  region size 1024K, 19 young (19456K), 10 survivors (10240K)
 Metaspace       used 85029K, committed 86080K, reserved 1179648K
  class space    used 12239K, committed 12672K, reserved 1048576K
}

