# JRE version: OpenJDK Runtime Environment Temurin-21.0.11+10 (21.0.11+10) (build 21.0.11+10-LTS)
# Java VM: OpenJDK 64-Bit Server VM Temurin-21.0.11+10 (21.0.11+10-LTS, mixed mode, sharing, tiered, compressed oops, compressed class ptrs, g1 gc, windows-amd64)
GC Precious Log:
 CardTable entry size: 512
 Card Set container configuration: InlinePtr #cards 5 size 8 Array Of Cards #cards 12 size 40 Howl #buckets 4 coarsen threshold 1843 Howl Bitmap #cards 512 size 80 coarsen threshold 460 Card regions per heap region 1 cards per card region 2048
 CPUs: 12 total, 12 available
 Memory: 7520M
 Large Page Support: Disabled
 NUMA Support: Disabled
 Compressed Oops: Enabled (32-bit)
 Heap Region Size: 1M
 Heap Min Capacity: 8M
 Heap Initial Capacity: 118M
 Heap Max Capacity: 1882M
 Pre-touch: Disabled
 Parallel Workers: 10
 Concurrent Workers: 3
 Concurrent Refinement Workers: 10
 Periodic GC: Disabled
Heap:
 garbage-first heap   total 215040K, used 151510K [0x000000008a600000, 0x0000000100000000)
  region size 1024K, 89 young (91136K), 0 survivors (0K)
 Metaspace       used 103498K, committed 104768K, reserved 1179648K
  class space    used 13838K, committed 14400K, reserved 1048576K
GC Heap History (20 events):
Event: 1002.668 GC heap before
{Heap before GC invocations=75 (full 1):
 garbage-first heap   total 122880K, used 53285K [0x000000008a600000, 0x0000000100000000)
  region size 1024K, 4 young (4096K), 1 survivors (1024K)
 Metaspace       used 98684K, committed 99776K, reserved 1179648K
  class space    used 13445K, committed 13952K, reserved 1048576K
}
Event: 1003.770 GC heap after
{Heap after GC invocations=76 (full 2):
 garbage-first heap   total 122880K, used 46685K [0x000000008a600000, 0x0000000100000000)
  region size 1024K, 0 young (0K), 0 survivors (0K)
 Metaspace       used 98684K, committed 99776K, reserved 1179648K
  class space    used 13445K, committed 13952K, reserved 1048576K
}
Event: 1006.812 GC heap before
{Heap before GC invocations=76 (full 2):
 garbage-first heap   total 122880K, used 111197K [0x000000008a600000, 0x0000000100000000)
  region size 1024K, 64 young (65536K), 0 survivors (0K)
 Metaspace       used 98984K, committed 100160K, reserved 1179648K
  class space    used 13483K, committed 14016K, reserved 1048576K
}
Event: 1006.834 GC heap after
{Heap after GC invocations=77 (full 2):
 garbage-first heap   total 122880K, used 52238K [0x000000008a600000, 0x0000000100000000)
  region size 1024K, 6 young (6144K), 6 survivors (6144K)
 Metaspace       used 98984K, committed 100160K, reserved 1179648K
  class space    used 13483K, committed 14016K, reserved 1048576K
}
Event: 1009.740 GC heap before
{Heap before GC invocations=78 (full 2):
 garbage-first heap   total 122880K, used 110606K [0x000000008a600000, 0x0000000100000000)
  region size 1024K, 63 young (64512K), 6 survivors (6144K)
 Metaspace       used 99884K, committed 100992K, reserved 1179648K
  class space    used 13546K, committed 14080K, reserved 1048576K
}
Event: 1009.747 GC heap after
{Heap after GC invocations=79 (full 2):
 garbage-first heap   total 126976K, used 56817K [0x000000008a600000, 0x0000000100000000)
  region size 1024K, 5 young (5120K), 5 survivors (5120K)
 Metaspace       used 99884K, committed 100992K, reserved 1179648K
  class space    used 13546K, committed 14080K, reserved 1048576K
}
Event: 1011.623 GC heap before
{Heap before GC invocations=79 (full 2):
 garbage-first heap   total 126976K, used 82417K [0x000000008a600000, 0x0000000100000000)
  region size 1024K, 31 young (31744K), 5 survivors (5120K)
 Metaspace       used 99952K, committed 101056K, reserved 1179648K
  class space    used 13551K, committed 14080K, reserved 1048576K
}
Event: 1011.712 GC heap after
{Heap after GC invocations=80 (full 3):
 garbage-first heap   total 126976K, used 51961K [0x000000008a600000, 0x0000000100000000)
  region size 1024K, 0 young (0K), 0 survivors (0K)
 Metaspace       used 99952K, committed 101056K, reserved 1179648K
  class space    used 13551K, committed 14080K, reserved 1048576K
}
Event: 1012.839 GC heap before
{Heap before GC invocations=80 (full 3):
 garbage-first heap   total 126976K, used 115449K [0x000000008a600000, 0x0000000100000000)
  region size 1024K, 63 young (64512K), 0 survivors (0K)
 Metaspace       used 100266K, committed 101440K, reserved 1179648K
  class space    used 13589K, committed 14144K, reserved 1048576K
}
Event: 1012.844 GC heap after
{Heap after GC invocations=81 (full 3):
 garbage-first heap   total 126976K, used 58090K [0x000000008a600000, 0x0000000100000000)
  region size 1024K, 6 young (6144K), 6 survivors (6144K)
 Metaspace       used 100266K, committed 101440K, reserved 1179648K
  class space    used 13589K, committed 14144K, reserved 1048576K
}
Event: 1014.772 GC heap before
{Heap before GC invocations=82 (full 3):
 garbage-first heap   total 126976K, used 115434K [0x000000008a600000, 0x0000000100000000)
  region size 1024K, 62 young (63488K), 6 survivors (6144K)
 Metaspace       used 101346K, committed 102528K, reserved 1179648K
  class space    used 13653K, committed 14208K, reserved 1048576K
}
Event: 1014.777 GC heap after
{Heap after GC invocations=83 (full 3):
 garbage-first heap   total 128000K, used 62240K [0x000000008a600000, 0x0000000100000000)
  region size 1024K, 5 young (5120K), 5 survivors (5120K)
 Metaspace       used 101346K, committed 102528K, reserved 1179648K
  class space    used 13653K, committed 14208K, reserved 1048576K
}
Event: 1036.159 GC heap before
{Heap before GC invocations=83 (full 3):
 garbage-first heap   total 128000K, used 115488K [0x000000008a600000, 0x0000000100000000)
  region size 1024K, 57 young (58368K), 5 survivors (5120K)
 Metaspace       used 101397K, committed 102592K, reserved 1179648K
  class space    used 13657K, committed 14208K, reserved 1048576K
}
Event: 1036.168 GC heap after
{Heap after GC invocations=84 (full 3):
 garbage-first heap   total 128000K, used 63329K [0x000000008a600000, 0x0000000100000000)
  region size 1024K, 2 young (2048K), 2 survivors (2048K)
 Metaspace       used 101397K, committed 102592K, reserved 1179648K
  class space    used 13657K, committed 14208K, reserved 1048576K
}
Event: 1036.557 GC heap before
{Heap before GC invocations=84 (full 3):
 garbage-first heap   total 128000K, used 65377K [0x000000008a600000, 0x0000000100000000)
  region size 1024K, 5 young (5120K), 2 survivors (2048K)
 Metaspace       used 101405K, committed 102592K, reserved 1179648K
  class space    used 13657K, committed 14208K, reserved 1048576K
}
Event: 1036.899 GC heap after
{Heap after GC invocations=85 (full 4):
 garbage-first heap   total 128000K, used 57177K [0x000000008a600000, 0x0000000100000000)
  region size 1024K, 0 young (0K), 0 survivors (0K)
 Metaspace       used 101405K, committed 102592K, reserved 1179648K
  class space    used 13657K, committed 14208K, reserved 1048576K
}
Event: 1038.042 GC heap before
{Heap before GC invocations=85 (full 4):
 garbage-first heap   total 128000K, used 115545K [0x000000008a600000, 0x0000000100000000)
  region size 1024K, 57 young (58368K), 0 survivors (0K)
 Metaspace       used 101719K, committed 102976K, reserved 1179648K
  class space    used 13695K, committed 14272K, reserved 1048576K
}
Event: 1038.057 GC heap after
{Heap after GC invocations=86 (full 4):
 garbage-first heap   total 384000K, used 63045K [0x000000008a600000, 0x0000000100000000)
  region size 1024K, 6 young (6144K), 6 survivors (6144K)
 Metaspace       used 101719K, committed 102976K, reserved 1179648K
  class space    used 13695K, committed 14272K, reserved 1048576K
}
Event: 1042.838 GC heap before
{Heap before GC invocations=87 (full 4):
 garbage-first heap   total 219136K, used 149061K [0x000000008a600000, 0x0000000100000000)
  region size 1024K, 91 young (93184K), 6 survivors (6144K)
 Metaspace       used 102793K, committed 104000K, reserved 1179648K
  class space    used 13764K, committed 14336K, reserved 1048576K
}
Event: 1042.942 GC heap after
{Heap after GC invocations=88 (full 5):
 garbage-first heap   total 215040K, used 62422K [0x000000008a600000, 0x0000000100000000)
  region size 1024K, 0 young (0K), 0 survivors (0K)
 Metaspace       used 102793K, committed 104000K, reserved 1179648K
  class space    used 13764K, committed 14336K, reserved 1048576K
}

